<?xml version="1.0" encoding="UTF-8"?>
<!-- Generated by org.testng.reporters.JUnitReportReporter -->
<testsuite hostname="LAPTOP-ABRF4IV4" failures="0" tests="4" name="testcases.CarPriceTest" time="65.818" errors="0" timestamp="2021-05-17T23:41:22 IST" skipped="1">
  <testcase classname="testcases.CarPriceTest" name="findCarTest" time="30.196"/>
  <system-out/>
  <testcase classname="testcases.CarPriceTest" name="findCarTest" time="0.682">
    <skipped/>
  </testcase> <!-- findCarTest -->
  <system-out/>
  <testcase classname="testcases.CarPriceTest" name="findCarTest" time="29.573"/>
  <system-out/>
  <testcase classname="testcases.CarPriceTest" name="findCarTest" time="5.367"/>
  <system-out/>
</testsuite> <!-- testcases.CarPriceTest -->
